build/app/intermediates/manifest_merge_blame_file/release/manifest-merger-blame-release-report.txt
1<?xml version="1.0" encoding="utf-8"?>
2<manifest xmlns:android="http://schemas.android.com/apk/res/android"
3    package="com.example.uber"
4    android:versionCode="2"
5    android:versionName="1.0.2" >
6
7    <uses-sdk
8        android:minSdkVersion="20"
8-->src\main\AndroidManifest.xml
9        android:targetSdkVersion="33" />
9-->src\main\AndroidManifest.xml
10
11    <uses-permission android:name="android.permission.INTERNET" />
11-->src\main\AndroidManifest.xml:3:5-67
11-->src\main\AndroidManifest.xml:3:22-64
12    <uses-permission android:name="android.permission.ACCESS_FINE_LOCATION" />
12-->src\main\AndroidManifest.xml:4:6-80
12-->src\main\AndroidManifest.xml:4:23-77
13    <uses-permission android:name="android.permission.ACCESS_COARSE_LOCATION" />
13-->src\main\AndroidManifest.xml:5:5-81
13-->src\main\AndroidManifest.xml:5:22-78
14    <uses-permission android:name="android.permission.FOREGROUND_SERVICE" />
14-->[:geolocator_android] AndroidManifest.xml:9:5-77
14-->[:geolocator_android] AndroidManifest.xml:9:22-74
15
16    <queries>
16-->[com.razorpay:checkout:1.6.32] AndroidManifest.xml:10:5-39:15
17        <intent>
17-->[com.razorpay:checkout:1.6.32] AndroidManifest.xml:11:9-17:18
18            <action android:name="android.intent.action.VIEW" />
18-->[com.razorpay:checkout:1.6.32] AndroidManifest.xml:12:13-65
18-->[com.razorpay:checkout:1.6.32] AndroidManifest.xml:12:21-62
19
20            <data
20-->[com.razorpay:checkout:1.6.32] AndroidManifest.xml:14:13-16:38
21                android:mimeType="*/*"
21-->[com.razorpay:checkout:1.6.32] AndroidManifest.xml:15:17-39
22                android:scheme="*" />
22-->[com.razorpay:checkout:1.6.32] AndroidManifest.xml:16:17-35
23        </intent>
24        <intent>
24-->[com.razorpay:checkout:1.6.32] AndroidManifest.xml:18:9-27:18
25            <action android:name="android.intent.action.VIEW" />
25-->[com.razorpay:checkout:1.6.32] AndroidManifest.xml:12:13-65
25-->[com.razorpay:checkout:1.6.32] AndroidManifest.xml:12:21-62
26
27            <category android:name="android.intent.category.BROWSABLE" />
27-->[com.razorpay:checkout:1.6.32] AndroidManifest.xml:21:13-74
27-->[com.razorpay:checkout:1.6.32] AndroidManifest.xml:21:23-71
28
29            <data
29-->[com.razorpay:checkout:1.6.32] AndroidManifest.xml:14:13-16:38
30                android:host="pay"
31                android:mimeType="*/*"
31-->[com.razorpay:checkout:1.6.32] AndroidManifest.xml:15:17-39
32                android:scheme="upi" />
32-->[com.razorpay:checkout:1.6.32] AndroidManifest.xml:16:17-35
33        </intent>
34        <intent>
34-->[com.razorpay:checkout:1.6.32] AndroidManifest.xml:28:9-30:18
35            <action android:name="android.intent.action.MAIN" />
35-->src\main\AndroidManifest.xml:28:17-68
35-->src\main\AndroidManifest.xml:28:25-66
36        </intent>
37        <intent>
37-->[com.razorpay:checkout:1.6.32] AndroidManifest.xml:31:9-35:18
38            <action android:name="android.intent.action.SEND" />
38-->[com.razorpay:checkout:1.6.32] AndroidManifest.xml:32:13-65
38-->[com.razorpay:checkout:1.6.32] AndroidManifest.xml:32:21-62
39
40            <data android:mimeType="*/*" />
40-->[com.razorpay:checkout:1.6.32] AndroidManifest.xml:14:13-16:38
40-->[com.razorpay:checkout:1.6.32] AndroidManifest.xml:15:17-39
41        </intent>
42        <intent>
42-->[com.razorpay:checkout:1.6.32] AndroidManifest.xml:36:9-38:18
43            <action android:name="rzp.device_token.share" />
43-->[com.razorpay:checkout:1.6.32] AndroidManifest.xml:37:13-61
43-->[com.razorpay:checkout:1.6.32] AndroidManifest.xml:37:21-58
44        </intent>
45        <!-- Needs to be explicitly declared on Android R+ -->
46        <package android:name="com.google.android.apps.maps" />
46-->[com.google.android.gms:play-services-maps:18.1.0] AndroidManifest.xml:33:9-64
46-->[com.google.android.gms:play-services-maps:18.1.0] AndroidManifest.xml:33:18-61
47    </queries>
48
49    <uses-permission android:name="android.permission.ACCESS_NETWORK_STATE" />
49-->[com.google.firebase:firebase-auth:22.0.0] AndroidManifest.xml:26:5-79
49-->[com.google.firebase:firebase-auth:22.0.0] AndroidManifest.xml:26:22-76
50
51    <uses-feature
51-->[com.google.android.gms:play-services-maps:18.1.0] AndroidManifest.xml:26:5-28:35
52        android:glEsVersion="0x00020000"
52-->[com.google.android.gms:play-services-maps:18.1.0] AndroidManifest.xml:27:9-41
53        android:required="true" />
53-->[com.google.android.gms:play-services-maps:18.1.0] AndroidManifest.xml:28:9-32
54
55    <permission
55-->[androidx.core:core:1.10.1] AndroidManifest.xml:22:5-24:47
56        android:name="com.example.uber.DYNAMIC_RECEIVER_NOT_EXPORTED_PERMISSION"
56-->[androidx.core:core:1.10.1] AndroidManifest.xml:23:9-81
57        android:protectionLevel="signature" />
57-->[androidx.core:core:1.10.1] AndroidManifest.xml:24:9-44
58
59    <uses-permission android:name="com.example.uber.DYNAMIC_RECEIVER_NOT_EXPORTED_PERMISSION" />
59-->[androidx.core:core:1.10.1] AndroidManifest.xml:26:5-97
59-->[androidx.core:core:1.10.1] AndroidManifest.xml:26:22-94
60
61    <application
62        android:name="android.app.Application"
62-->src\main\AndroidManifest.xml:9:9-42
63        android:appComponentFactory="androidx.core.app.CoreComponentFactory"
63-->[androidx.core:core:1.10.1] AndroidManifest.xml:28:18-86
64        android:icon="@mipmap/ic_launcher"
64-->src\main\AndroidManifest.xml:10:9-43
65        android:label="Uber" >
65-->src\main\AndroidManifest.xml:8:9-29
66        <activity
66-->src\main\AndroidManifest.xml:11:9-31:20
67            android:name="com.example.uber.MainActivity"
67-->src\main\AndroidManifest.xml:12:13-41
68            android:configChanges="orientation|keyboardHidden|keyboard|screenSize|smallestScreenSize|locale|layoutDirection|fontScale|screenLayout|density|uiMode"
68-->src\main\AndroidManifest.xml:16:13-163
69            android:exported="true"
69-->src\main\AndroidManifest.xml:13:13-36
70            android:hardwareAccelerated="true"
70-->src\main\AndroidManifest.xml:17:13-47
71            android:launchMode="singleTop"
71-->src\main\AndroidManifest.xml:14:13-43
72            android:theme="@style/LaunchTheme"
72-->src\main\AndroidManifest.xml:15:13-47
73            android:windowSoftInputMode="adjustResize" >
73-->src\main\AndroidManifest.xml:18:13-55
74
75            <!--
76                 Specifies an Android theme to apply to this Activity as soon as
77                 the Android process has started. This theme is visible to the user
78                 while the Flutter UI initializes. After that, this theme continues
79                 to determine the Window background behind the Flutter UI.
80            -->
81            <meta-data
81-->src\main\AndroidManifest.xml:23:13-26:17
82                android:name="io.flutter.embedding.android.NormalTheme"
82-->src\main\AndroidManifest.xml:24:15-70
83                android:resource="@style/NormalTheme" />
83-->src\main\AndroidManifest.xml:25:15-52
84
85            <intent-filter>
85-->src\main\AndroidManifest.xml:27:13-30:29
86                <action android:name="android.intent.action.MAIN" />
86-->src\main\AndroidManifest.xml:28:17-68
86-->src\main\AndroidManifest.xml:28:25-66
87
88                <category android:name="android.intent.category.LAUNCHER" />
88-->src\main\AndroidManifest.xml:29:17-76
88-->src\main\AndroidManifest.xml:29:27-74
89            </intent-filter>
90        </activity>
91        <!--
92             Don't delete the meta-data below.
93             This is used by the Flutter tool to generate GeneratedPluginRegistrant.java
94        -->
95        <meta-data
95-->src\main\AndroidManifest.xml:34:9-36:33
96            android:name="flutterEmbedding"
96-->src\main\AndroidManifest.xml:35:13-44
97            android:value="2" />
97-->src\main\AndroidManifest.xml:36:13-30
98        <meta-data
98-->src\main\AndroidManifest.xml:37:5-38:73
99            android:name="com.google.android.geo.API_KEY"
99-->src\main\AndroidManifest.xml:37:16-61
100            android:value="AIzaSyAMiinYSgejX-EeaNO2CcXF1KmM1vLaRP8" />
100-->src\main\AndroidManifest.xml:38:16-71
101
102        <activity
102-->[:flutter_paystack] AndroidManifest.xml:10:9-12:54
103            android:name="co.paystack.flutterpaystack.AuthActivity"
103-->[:flutter_paystack] AndroidManifest.xml:11:13-68
104            android:theme="@style/Paystack.Dialog" />
104-->[:flutter_paystack] AndroidManifest.xml:12:13-51
105
106        <service
106-->[:firebase_database] AndroidManifest.xml:10:9-14:19
107            android:name="com.google.firebase.components.ComponentDiscoveryService"
107-->[:firebase_database] AndroidManifest.xml:10:18-89
108            android:directBootAware="true"
108-->[com.google.firebase:firebase-common:20.3.2] AndroidManifest.xml:34:13-43
109            android:exported="false" >
109-->[com.google.firebase:firebase-auth:22.0.0] AndroidManifest.xml:68:13-37
110            <meta-data
110-->[:firebase_database] AndroidManifest.xml:11:13-13:85
111                android:name="com.google.firebase.components:io.flutter.plugins.firebase.database.FlutterFirebaseAppRegistrar"
111-->[:firebase_database] AndroidManifest.xml:12:17-127
112                android:value="com.google.firebase.components.ComponentRegistrar" />
112-->[:firebase_database] AndroidManifest.xml:13:17-82
113            <meta-data
113-->[:cloud_firestore] AndroidManifest.xml:11:13-13:85
114                android:name="com.google.firebase.components:io.flutter.plugins.firebase.firestore.FlutterFirebaseFirestoreRegistrar"
114-->[:cloud_firestore] AndroidManifest.xml:12:17-134
115                android:value="com.google.firebase.components.ComponentRegistrar" />
115-->[:cloud_firestore] AndroidManifest.xml:13:17-82
116            <meta-data
116-->[:firebase_auth] AndroidManifest.xml:11:13-13:85
117                android:name="com.google.firebase.components:io.flutter.plugins.firebase.auth.FlutterFirebaseAuthRegistrar"
117-->[:firebase_auth] AndroidManifest.xml:12:17-124
118                android:value="com.google.firebase.components.ComponentRegistrar" />
118-->[:firebase_auth] AndroidManifest.xml:13:17-82
119            <meta-data
119-->[:firebase_storage] AndroidManifest.xml:11:13-13:85
120                android:name="com.google.firebase.components:io.flutter.plugins.firebase.storage.FlutterFirebaseAppRegistrar"
120-->[:firebase_storage] AndroidManifest.xml:12:17-126
121                android:value="com.google.firebase.components.ComponentRegistrar" />
121-->[:firebase_storage] AndroidManifest.xml:13:17-82
122            <meta-data
122-->[:firebase_core] AndroidManifest.xml:11:13-13:85
123                android:name="com.google.firebase.components:io.flutter.plugins.firebase.core.FlutterFirebaseCoreRegistrar"
123-->[:firebase_core] AndroidManifest.xml:12:17-124
124                android:value="com.google.firebase.components.ComponentRegistrar" />
124-->[:firebase_core] AndroidManifest.xml:13:17-82
125            <meta-data
125-->[com.google.firebase:firebase-auth:22.0.0] AndroidManifest.xml:69:13-71:85
126                android:name="com.google.firebase.components:com.google.firebase.auth.FirebaseAuthRegistrar"
126-->[com.google.firebase:firebase-auth:22.0.0] AndroidManifest.xml:70:17-109
127                android:value="com.google.firebase.components.ComponentRegistrar" />
127-->[com.google.firebase:firebase-auth:22.0.0] AndroidManifest.xml:71:17-82
128            <meta-data
128-->[com.google.firebase:firebase-database:20.2.2] AndroidManifest.xml:31:13-33:85
129                android:name="com.google.firebase.components:com.google.firebase.database.DatabaseRegistrar"
129-->[com.google.firebase:firebase-database:20.2.2] AndroidManifest.xml:32:17-109
130                android:value="com.google.firebase.components.ComponentRegistrar" />
130-->[com.google.firebase:firebase-database:20.2.2] AndroidManifest.xml:33:17-82
131            <meta-data
131-->[com.google.firebase:firebase-firestore:24.6.1] AndroidManifest.xml:19:13-21:85
132                android:name="com.google.firebase.components:com.google.firebase.firestore.FirestoreRegistrar"
132-->[com.google.firebase:firebase-firestore:24.6.1] AndroidManifest.xml:20:17-111
133                android:value="com.google.firebase.components.ComponentRegistrar" />
133-->[com.google.firebase:firebase-firestore:24.6.1] AndroidManifest.xml:21:17-82
134            <meta-data
134-->[com.google.firebase:firebase-storage:20.2.0] AndroidManifest.xml:32:13-34:85
135                android:name="com.google.firebase.components:com.google.firebase.storage.StorageRegistrar"
135-->[com.google.firebase:firebase-storage:20.2.0] AndroidManifest.xml:33:17-107
136                android:value="com.google.firebase.components.ComponentRegistrar" />
136-->[com.google.firebase:firebase-storage:20.2.0] AndroidManifest.xml:34:17-82
137        </service>
138        <service
138-->[:geolocator_android] AndroidManifest.xml:12:9-16:56
139            android:name="com.baseflow.geolocator.GeolocatorLocationService"
139-->[:geolocator_android] AndroidManifest.xml:13:13-77
140            android:enabled="true"
140-->[:geolocator_android] AndroidManifest.xml:14:13-35
141            android:exported="false"
141-->[:geolocator_android] AndroidManifest.xml:15:13-37
142            android:foregroundServiceType="location" />
142-->[:geolocator_android] AndroidManifest.xml:16:13-53
143
144        <provider
144-->[:image_picker_android] AndroidManifest.xml:10:9-18:20
145            android:name="io.flutter.plugins.imagepicker.ImagePickerFileProvider"
145-->[:image_picker_android] AndroidManifest.xml:11:13-82
146            android:authorities="com.example.uber.flutter.image_provider"
146-->[:image_picker_android] AndroidManifest.xml:12:13-74
147            android:exported="false"
147-->[:image_picker_android] AndroidManifest.xml:13:13-37
148            android:grantUriPermissions="true" >
148-->[:image_picker_android] AndroidManifest.xml:14:13-47
149            <meta-data
149-->[:image_picker_android] AndroidManifest.xml:15:13-17:75
150                android:name="android.support.FILE_PROVIDER_PATHS"
150-->[:image_picker_android] AndroidManifest.xml:16:17-67
151                android:resource="@xml/flutter_image_picker_file_paths" />
151-->[:image_picker_android] AndroidManifest.xml:17:17-72
152        </provider>
153
154        <activity
154-->[:url_launcher_android] AndroidManifest.xml:10:9-13:74
155            android:name="io.flutter.plugins.urllauncher.WebViewActivity"
155-->[:url_launcher_android] AndroidManifest.xml:11:13-74
156            android:exported="false"
156-->[:url_launcher_android] AndroidManifest.xml:12:13-37
157            android:theme="@android:style/Theme.NoTitleBar.Fullscreen" />
157-->[:url_launcher_android] AndroidManifest.xml:13:13-71
158
159        <service
159-->[:location] AndroidManifest.xml:13:9-17:56
160            android:name="com.lyokone.location.FlutterLocationService"
160-->[:location] AndroidManifest.xml:14:13-71
161            android:enabled="true"
161-->[:location] AndroidManifest.xml:15:13-35
162            android:exported="false"
162-->[:location] AndroidManifest.xml:16:13-37
163            android:foregroundServiceType="location" />
163-->[:location] AndroidManifest.xml:17:13-53
164
165        <receiver
165-->[com.razorpay:checkout:1.6.32] AndroidManifest.xml:42:9-49:20
166            android:name="com.razorpay.RzpTokenReceiver"
166-->[com.razorpay:checkout:1.6.32] AndroidManifest.xml:43:13-57
167            android:exported="true" >
167-->[com.razorpay:checkout:1.6.32] AndroidManifest.xml:44:13-36
168            <intent-filter>
168-->[com.razorpay:checkout:1.6.32] AndroidManifest.xml:46:13-48:29
169                <action android:name="rzp.device_token.share" />
169-->[com.razorpay:checkout:1.6.32] AndroidManifest.xml:37:13-61
169-->[com.razorpay:checkout:1.6.32] AndroidManifest.xml:37:21-58
170            </intent-filter>
171        </receiver>
172
173        <activity
173-->[com.razorpay:checkout:1.6.32] AndroidManifest.xml:51:9-59:20
174            android:name="com.razorpay.CheckoutActivity"
174-->[com.razorpay:checkout:1.6.32] AndroidManifest.xml:52:13-57
175            android:configChanges="keyboard|keyboardHidden|orientation|screenSize"
175-->[com.razorpay:checkout:1.6.32] AndroidManifest.xml:53:13-83
176            android:exported="true"
176-->[com.razorpay:checkout:1.6.32] AndroidManifest.xml:54:13-36
177            android:theme="@style/CheckoutTheme" >
177-->[com.razorpay:checkout:1.6.32] AndroidManifest.xml:55:13-49
178            <intent-filter>
178-->[com.razorpay:checkout:1.6.32] AndroidManifest.xml:56:13-58:29
179                <action android:name="android.intent.action.MAIN" />
179-->src\main\AndroidManifest.xml:28:17-68
179-->src\main\AndroidManifest.xml:28:25-66
180            </intent-filter>
181        </activity>
182
183        <meta-data
183-->[com.razorpay:checkout:1.6.32] AndroidManifest.xml:61:9-63:58
184            android:name="com.razorpay.plugin.googlepay_all"
184-->[com.razorpay:checkout:1.6.32] AndroidManifest.xml:62:13-61
185            android:value="com.razorpay.RzpGpayMerged" />
185-->[com.razorpay:checkout:1.6.32] AndroidManifest.xml:63:13-55
186
187        <activity
187-->[com.google.firebase:firebase-auth:22.0.0] AndroidManifest.xml:29:9-46:20
188            android:name="com.google.firebase.auth.internal.GenericIdpActivity"
188-->[com.google.firebase:firebase-auth:22.0.0] AndroidManifest.xml:30:13-80
189            android:excludeFromRecents="true"
189-->[com.google.firebase:firebase-auth:22.0.0] AndroidManifest.xml:31:13-46
190            android:exported="true"
190-->[com.google.firebase:firebase-auth:22.0.0] AndroidManifest.xml:32:13-36
191            android:launchMode="singleTask"
191-->[com.google.firebase:firebase-auth:22.0.0] AndroidManifest.xml:33:13-44
192            android:theme="@android:style/Theme.Translucent.NoTitleBar" >
192-->[com.google.firebase:firebase-auth:22.0.0] AndroidManifest.xml:34:13-72
193            <intent-filter>
193-->[com.google.firebase:firebase-auth:22.0.0] AndroidManifest.xml:35:13-45:29
194                <action android:name="android.intent.action.VIEW" />
194-->[com.razorpay:checkout:1.6.32] AndroidManifest.xml:12:13-65
194-->[com.razorpay:checkout:1.6.32] AndroidManifest.xml:12:21-62
195
196                <category android:name="android.intent.category.DEFAULT" />
196-->[com.google.firebase:firebase-auth:22.0.0] AndroidManifest.xml:38:17-76
196-->[com.google.firebase:firebase-auth:22.0.0] AndroidManifest.xml:38:27-73
197                <category android:name="android.intent.category.BROWSABLE" />
197-->[com.razorpay:checkout:1.6.32] AndroidManifest.xml:21:13-74
197-->[com.razorpay:checkout:1.6.32] AndroidManifest.xml:21:23-71
198
199                <data
199-->[com.razorpay:checkout:1.6.32] AndroidManifest.xml:14:13-16:38
200                    android:host="firebase.auth"
201                    android:path="/"
202                    android:scheme="genericidp" />
202-->[com.razorpay:checkout:1.6.32] AndroidManifest.xml:16:17-35
203            </intent-filter>
204        </activity>
205        <activity
205-->[com.google.firebase:firebase-auth:22.0.0] AndroidManifest.xml:47:9-64:20
206            android:name="com.google.firebase.auth.internal.RecaptchaActivity"
206-->[com.google.firebase:firebase-auth:22.0.0] AndroidManifest.xml:48:13-79
207            android:excludeFromRecents="true"
207-->[com.google.firebase:firebase-auth:22.0.0] AndroidManifest.xml:49:13-46
208            android:exported="true"
208-->[com.google.firebase:firebase-auth:22.0.0] AndroidManifest.xml:50:13-36
209            android:launchMode="singleTask"
209-->[com.google.firebase:firebase-auth:22.0.0] AndroidManifest.xml:51:13-44
210            android:theme="@android:style/Theme.Translucent.NoTitleBar" >
210-->[com.google.firebase:firebase-auth:22.0.0] AndroidManifest.xml:52:13-72
211            <intent-filter>
211-->[com.google.firebase:firebase-auth:22.0.0] AndroidManifest.xml:53:13-63:29
212                <action android:name="android.intent.action.VIEW" />
212-->[com.razorpay:checkout:1.6.32] AndroidManifest.xml:12:13-65
212-->[com.razorpay:checkout:1.6.32] AndroidManifest.xml:12:21-62
213
214                <category android:name="android.intent.category.DEFAULT" />
214-->[com.google.firebase:firebase-auth:22.0.0] AndroidManifest.xml:38:17-76
214-->[com.google.firebase:firebase-auth:22.0.0] AndroidManifest.xml:38:27-73
215                <category android:name="android.intent.category.BROWSABLE" />
215-->[com.razorpay:checkout:1.6.32] AndroidManifest.xml:21:13-74
215-->[com.razorpay:checkout:1.6.32] AndroidManifest.xml:21:23-71
216
217                <data
217-->[com.razorpay:checkout:1.6.32] AndroidManifest.xml:14:13-16:38
218                    android:host="firebase.auth"
219                    android:path="/"
220                    android:scheme="recaptcha" />
220-->[com.razorpay:checkout:1.6.32] AndroidManifest.xml:16:17-35
221            </intent-filter>
222        </activity>
223        <activity
223-->[com.google.android.gms:play-services-auth:20.4.0] AndroidManifest.xml:23:9-27:75
224            android:name="com.google.android.gms.auth.api.signin.internal.SignInHubActivity"
224-->[com.google.android.gms:play-services-auth:20.4.0] AndroidManifest.xml:24:13-93
225            android:excludeFromRecents="true"
225-->[com.google.android.gms:play-services-auth:20.4.0] AndroidManifest.xml:25:13-46
226            android:exported="false"
226-->[com.google.android.gms:play-services-auth:20.4.0] AndroidManifest.xml:26:13-37
227            android:theme="@android:style/Theme.Translucent.NoTitleBar" />
227-->[com.google.android.gms:play-services-auth:20.4.0] AndroidManifest.xml:27:13-72
228        <!--
229            Service handling Google Sign-In user revocation. For apps that do not integrate with
230            Google Sign-In, this service will never be started.
231        -->
232        <service
232-->[com.google.android.gms:play-services-auth:20.4.0] AndroidManifest.xml:33:9-37:51
233            android:name="com.google.android.gms.auth.api.signin.RevocationBoundService"
233-->[com.google.android.gms:play-services-auth:20.4.0] AndroidManifest.xml:34:13-89
234            android:exported="true"
234-->[com.google.android.gms:play-services-auth:20.4.0] AndroidManifest.xml:35:13-36
235            android:permission="com.google.android.gms.auth.api.signin.permission.REVOCATION_NOTIFICATION"
235-->[com.google.android.gms:play-services-auth:20.4.0] AndroidManifest.xml:36:13-107
236            android:visibleToInstantApps="true" /> <!-- Needs to be explicitly declared on P+ -->
236-->[com.google.android.gms:play-services-auth:20.4.0] AndroidManifest.xml:37:13-48
237        <uses-library
237-->[com.google.android.gms:play-services-maps:18.1.0] AndroidManifest.xml:39:9-41:40
238            android:name="org.apache.http.legacy"
238-->[com.google.android.gms:play-services-maps:18.1.0] AndroidManifest.xml:40:13-50
239            android:required="false" />
239-->[com.google.android.gms:play-services-maps:18.1.0] AndroidManifest.xml:41:13-37
240
241        <provider
241-->[com.google.firebase:firebase-common:20.3.2] AndroidManifest.xml:25:9-30:39
242            android:name="com.google.firebase.provider.FirebaseInitProvider"
242-->[com.google.firebase:firebase-common:20.3.2] AndroidManifest.xml:26:13-77
243            android:authorities="com.example.uber.firebaseinitprovider"
243-->[com.google.firebase:firebase-common:20.3.2] AndroidManifest.xml:27:13-72
244            android:directBootAware="true"
244-->[com.google.firebase:firebase-common:20.3.2] AndroidManifest.xml:28:13-43
245            android:exported="false"
245-->[com.google.firebase:firebase-common:20.3.2] AndroidManifest.xml:29:13-37
246            android:initOrder="100" />
246-->[com.google.firebase:firebase-common:20.3.2] AndroidManifest.xml:30:13-36
247
248        <activity
248-->[com.google.android.gms:play-services-base:18.1.0] AndroidManifest.xml:20:9-22:45
249            android:name="com.google.android.gms.common.api.GoogleApiActivity"
249-->[com.google.android.gms:play-services-base:18.1.0] AndroidManifest.xml:20:19-85
250            android:exported="false"
250-->[com.google.android.gms:play-services-base:18.1.0] AndroidManifest.xml:22:19-43
251            android:theme="@android:style/Theme.Translucent.NoTitleBar" />
251-->[com.google.android.gms:play-services-base:18.1.0] AndroidManifest.xml:21:19-78
252
253        <meta-data
253-->[com.google.android.gms:play-services-basement:18.1.0] AndroidManifest.xml:21:9-23:69
254            android:name="com.google.android.gms.version"
254-->[com.google.android.gms:play-services-basement:18.1.0] AndroidManifest.xml:22:13-58
255            android:value="@integer/google_play_services_version" />
255-->[com.google.android.gms:play-services-basement:18.1.0] AndroidManifest.xml:23:13-66
256
257        <provider
257-->[androidx.emoji2:emoji2:1.2.0] AndroidManifest.xml:24:9-32:20
258            android:name="androidx.startup.InitializationProvider"
258-->[androidx.emoji2:emoji2:1.2.0] AndroidManifest.xml:25:13-67
259            android:authorities="com.example.uber.androidx-startup"
259-->[androidx.emoji2:emoji2:1.2.0] AndroidManifest.xml:26:13-68
260            android:exported="false" >
260-->[androidx.emoji2:emoji2:1.2.0] AndroidManifest.xml:27:13-37
261            <meta-data
261-->[androidx.emoji2:emoji2:1.2.0] AndroidManifest.xml:29:13-31:52
262                android:name="androidx.emoji2.text.EmojiCompatInitializer"
262-->[androidx.emoji2:emoji2:1.2.0] AndroidManifest.xml:30:17-75
263                android:value="androidx.startup" />
263-->[androidx.emoji2:emoji2:1.2.0] AndroidManifest.xml:31:17-49
264            <meta-data
264-->[androidx.lifecycle:lifecycle-process:2.6.1] AndroidManifest.xml:29:13-31:52
265                android:name="androidx.lifecycle.ProcessLifecycleInitializer"
265-->[androidx.lifecycle:lifecycle-process:2.6.1] AndroidManifest.xml:30:17-78
266                android:value="androidx.startup" />
266-->[androidx.lifecycle:lifecycle-process:2.6.1] AndroidManifest.xml:31:17-49
267            <meta-data
267-->[androidx.profileinstaller:profileinstaller:1.3.0] AndroidManifest.xml:29:13-31:52
268                android:name="androidx.profileinstaller.ProfileInstallerInitializer"
268-->[androidx.profileinstaller:profileinstaller:1.3.0] AndroidManifest.xml:30:17-85
269                android:value="androidx.startup" />
269-->[androidx.profileinstaller:profileinstaller:1.3.0] AndroidManifest.xml:31:17-49
270        </provider>
271
272        <uses-library
272-->[androidx.window:window:1.0.0-beta04] AndroidManifest.xml:25:9-27:40
273            android:name="androidx.window.extensions"
273-->[androidx.window:window:1.0.0-beta04] AndroidManifest.xml:26:13-54
274            android:required="false" />
274-->[androidx.window:window:1.0.0-beta04] AndroidManifest.xml:27:13-37
275        <uses-library
275-->[androidx.window:window:1.0.0-beta04] AndroidManifest.xml:28:9-30:40
276            android:name="androidx.window.sidecar"
276-->[androidx.window:window:1.0.0-beta04] AndroidManifest.xml:29:13-51
277            android:required="false" />
277-->[androidx.window:window:1.0.0-beta04] AndroidManifest.xml:30:13-37
278
279        <receiver
279-->[androidx.profileinstaller:profileinstaller:1.3.0] AndroidManifest.xml:34:9-52:20
280            android:name="androidx.profileinstaller.ProfileInstallReceiver"
280-->[androidx.profileinstaller:profileinstaller:1.3.0] AndroidManifest.xml:35:13-76
281            android:directBootAware="false"
281-->[androidx.profileinstaller:profileinstaller:1.3.0] AndroidManifest.xml:36:13-44
282            android:enabled="true"
282-->[androidx.profileinstaller:profileinstaller:1.3.0] AndroidManifest.xml:37:13-35
283            android:exported="true"
283-->[androidx.profileinstaller:profileinstaller:1.3.0] AndroidManifest.xml:38:13-36
284            android:permission="android.permission.DUMP" >
284-->[androidx.profileinstaller:profileinstaller:1.3.0] AndroidManifest.xml:39:13-57
285            <intent-filter>
285-->[androidx.profileinstaller:profileinstaller:1.3.0] AndroidManifest.xml:40:13-42:29
286                <action android:name="androidx.profileinstaller.action.INSTALL_PROFILE" />
286-->[androidx.profileinstaller:profileinstaller:1.3.0] AndroidManifest.xml:41:17-91
286-->[androidx.profileinstaller:profileinstaller:1.3.0] AndroidManifest.xml:41:25-88
287            </intent-filter>
288            <intent-filter>
288-->[androidx.profileinstaller:profileinstaller:1.3.0] AndroidManifest.xml:43:13-45:29
289                <action android:name="androidx.profileinstaller.action.SKIP_FILE" />
289-->[androidx.profileinstaller:profileinstaller:1.3.0] AndroidManifest.xml:44:17-85
289-->[androidx.profileinstaller:profileinstaller:1.3.0] AndroidManifest.xml:44:25-82
290            </intent-filter>
291            <intent-filter>
291-->[androidx.profileinstaller:profileinstaller:1.3.0] AndroidManifest.xml:46:13-48:29
292                <action android:name="androidx.profileinstaller.action.SAVE_PROFILE" />
292-->[androidx.profileinstaller:profileinstaller:1.3.0] AndroidManifest.xml:47:17-88
292-->[androidx.profileinstaller:profileinstaller:1.3.0] AndroidManifest.xml:47:25-85
293            </intent-filter>
294            <intent-filter>
294-->[androidx.profileinstaller:profileinstaller:1.3.0] AndroidManifest.xml:49:13-51:29
295                <action android:name="androidx.profileinstaller.action.BENCHMARK_OPERATION" />
295-->[androidx.profileinstaller:profileinstaller:1.3.0] AndroidManifest.xml:50:17-95
295-->[androidx.profileinstaller:profileinstaller:1.3.0] AndroidManifest.xml:50:25-92
296            </intent-filter>
297        </receiver>
298    </application>
299
300</manifest>